# JRE version: OpenJDK Runtime Environment Microsoft-8035246 (17.0.8+7) (build 17.0.8+7-LTS)
# Java VM: OpenJDK 64-Bit Server VM Microsoft-8035246 (17.0.8+7-LTS, mixed mode, sharing, tiered, compressed oops, compressed class ptrs, g1 gc, windows-amd64)
GC Precious Log:
 CPUs: 8 total, 8 available
 Memory: 8029M
 Large Page Support: Disabled
 NUMA Support: Disabled
 Compressed Oops: Enabled (Zero based)
 Heap Region Size: 4M
 Heap Min Capacity: 8M
 Heap Initial Capacity: 128M
 Heap Max Capacity: 4608M
 Pre-touch: Disabled
 Parallel Workers: 8
 Concurrent Workers: 2
 Concurrent Refinement Workers: 8
 Periodic GC: Disabled
Heap:
 garbage-first heap   total 1282048K, used 605229K [0x00000006e0000000, 0x0000000800000000)
  region size 4096K, 67 young (274432K), 4 survivors (16384K)
 Metaspace       used 116521K, committed 118848K, reserved 557056K
  class space    used 16499K, committed 17472K, reserved 425984K
GC Heap History (20 events):
Event: 45.922 GC heap before
{Heap before GC invocations=35 (full 0):
 garbage-first heap   total 307200K, used 206707K [0x00000006e0000000, 0x0000000800000000)
  region size 4096K, 12 young (49152K), 2 survivors (8192K)
 Metaspace       used 102499K, committed 104064K, reserved 557056K
  class space    used 14596K, committed 15232K, reserved 425984K
}
Event: 45.946 GC heap after
{Heap after GC invocations=36 (full 0):
 garbage-first heap   total 307200K, used 176041K [0x00000006e0000000, 0x0000000800000000)
  region size 4096K, 2 young (8192K), 2 survivors (8192K)
 Metaspace       used 102499K, committed 104064K, reserved 557056K
  class space    used 14596K, committed 15232K, reserved 425984K
}
Event: 45.987 GC heap before
{Heap before GC invocations=36 (full 0):
 garbage-first heap   total 307200K, used 180137K [0x00000006e0000000, 0x0000000800000000)
  region size 4096K, 3 young (12288K), 2 survivors (8192K)
 Metaspace       used 102528K, committed 104064K, reserved 557056K
  class space    used 14597K, committed 15232K, reserved 425984K
}
Event: 46.006 GC heap after
{Heap after GC invocations=37 (full 0):
 garbage-first heap   total 307200K, used 178296K [0x00000006e0000000, 0x0000000800000000)
  region size 4096K, 1 young (4096K), 1 survivors (4096K)
 Metaspace       used 102528K, committed 104064K, reserved 557056K
  class space    used 14597K, committed 15232K, reserved 425984K
}
Event: 46.832 GC heap before
{Heap before GC invocations=37 (full 0):
 garbage-first heap   total 307200K, used 239736K [0x00000006e0000000, 0x0000000800000000)
  region size 4096K, 16 young (65536K), 1 survivors (4096K)
 Metaspace       used 103357K, committed 105024K, reserved 557056K
  class space    used 14728K, committed 15424K, reserved 425984K
}
Event: 46.852 GC heap after
{Heap after GC invocations=38 (full 0):
 garbage-first heap   total 614400K, used 192512K [0x00000006e0000000, 0x0000000800000000)
  region size 4096K, 2 young (8192K), 2 survivors (8192K)
 Metaspace       used 103357K, committed 105024K, reserved 557056K
  class space    used 14728K, committed 15424K, reserved 425984K
}
Event: 50.234 GC heap before
{Heap before GC invocations=39 (full 0):
 garbage-first heap   total 614400K, used 430080K [0x00000006e0000000, 0x0000000800000000)
  region size 4096K, 60 young (245760K), 2 survivors (8192K)
 Metaspace       used 109507K, committed 111424K, reserved 557056K
  class space    used 15588K, committed 16384K, reserved 425984K
}
Event: 50.291 GC heap after
{Heap after GC invocations=40 (full 0):
 garbage-first heap   total 614400K, used 234755K [0x00000006e0000000, 0x0000000800000000)
  region size 4096K, 8 young (32768K), 8 survivors (32768K)
 Metaspace       used 109507K, committed 111424K, reserved 557056K
  class space    used 15588K, committed 16384K, reserved 425984K
}
Event: 50.345 GC heap before
{Heap before GC invocations=40 (full 0):
 garbage-first heap   total 614400K, used 238851K [0x00000006e0000000, 0x0000000800000000)
  region size 4096K, 9 young (36864K), 8 survivors (32768K)
 Metaspace       used 109704K, committed 111616K, reserved 557056K
  class space    used 15618K, committed 16448K, reserved 425984K
}
Event: 50.394 GC heap after
{Heap after GC invocations=41 (full 0):
 garbage-first heap   total 614400K, used 236983K [0x00000006e0000000, 0x0000000800000000)
  region size 4096K, 1 young (4096K), 1 survivors (4096K)
 Metaspace       used 109704K, committed 111616K, reserved 557056K
  class space    used 15618K, committed 16448K, reserved 425984K
}
Event: 52.207 GC heap before
{Heap before GC invocations=41 (full 0):
 garbage-first heap   total 614400K, used 409015K [0x00000006e0000000, 0x0000000800000000)
  region size 4096K, 43 young (176128K), 1 survivors (4096K)
 Metaspace       used 111462K, committed 113472K, reserved 557056K
  class space    used 15844K, committed 16704K, reserved 425984K
}
Event: 52.230 GC heap after
{Heap after GC invocations=42 (full 0):
 garbage-first heap   total 614400K, used 262722K [0x00000006e0000000, 0x0000000800000000)
  region size 4096K, 6 young (24576K), 6 survivors (24576K)
 Metaspace       used 111462K, committed 113472K, reserved 557056K
  class space    used 15844K, committed 16704K, reserved 425984K
}
Event: 54.409 GC heap before
{Heap before GC invocations=42 (full 0):
 garbage-first heap   total 614400K, used 430658K [0x00000006e0000000, 0x0000000800000000)
  region size 4096K, 47 young (192512K), 6 survivors (24576K)
 Metaspace       used 113964K, committed 116096K, reserved 557056K
  class space    used 16138K, committed 17024K, reserved 425984K
}
Event: 54.469 GC heap after
{Heap after GC invocations=43 (full 0):
 garbage-first heap   total 614400K, used 296352K [0x00000006e0000000, 0x0000000800000000)
  region size 4096K, 6 young (24576K), 6 survivors (24576K)
 Metaspace       used 113964K, committed 116096K, reserved 557056K
  class space    used 16138K, committed 17024K, reserved 425984K
}
Event: 55.651 GC heap before
{Heap before GC invocations=43 (full 0):
 garbage-first heap   total 614400K, used 452000K [0x00000006e0000000, 0x0000000800000000)
  region size 4096K, 44 young (180224K), 6 survivors (24576K)
 Metaspace       used 114462K, committed 116672K, reserved 557056K
  class space    used 16192K, committed 17152K, reserved 425984K
}
Event: 55.707 GC heap after
{Heap after GC invocations=44 (full 0):
 garbage-first heap   total 614400K, used 319085K [0x00000006e0000000, 0x0000000800000000)
  region size 4096K, 5 young (20480K), 5 survivors (20480K)
 Metaspace       used 114462K, committed 116672K, reserved 557056K
  class space    used 16192K, committed 17152K, reserved 425984K
}
Event: 56.588 GC heap before
{Heap before GC invocations=44 (full 0):
 garbage-first heap   total 614400K, used 470637K [0x00000006e0000000, 0x0000000800000000)
  region size 4096K, 42 young (172032K), 5 survivors (20480K)
 Metaspace       used 114687K, committed 116928K, reserved 557056K
  class space    used 16213K, committed 17152K, reserved 425984K
}
Event: 56.626 GC heap after
{Heap after GC invocations=45 (full 0):
 garbage-first heap   total 614400K, used 337513K [0x00000006e0000000, 0x0000000800000000)
  region size 4096K, 5 young (20480K), 5 survivors (20480K)
 Metaspace       used 114687K, committed 116928K, reserved 557056K
  class space    used 16213K, committed 17152K, reserved 425984K
}
Event: 57.868 GC heap before
{Heap before GC invocations=45 (full 0):
 garbage-first heap   total 614400K, used 480873K [0x00000006e0000000, 0x0000000800000000)
  region size 4096K, 40 young (163840K), 5 survivors (20480K)
 Metaspace       used 115889K, committed 118144K, reserved 557056K
  class space    used 16404K, committed 17344K, reserved 425984K
}
Event: 57.902 GC heap after
{Heap after GC invocations=46 (full 0):
 garbage-first heap   total 1282048K, used 351277K [0x00000006e0000000, 0x0000000800000000)
  region size 4096K, 4 young (16384K), 4 survivors (16384K)
 Metaspace       used 115889K, committed 118144K, reserved 557056K
  class space    used 16404K, committed 17344K, reserved 425984K
}

